[0627/181202.914:ERROR:process_reader_win.cc(123)] NtOpenThread: {Access Denied} A process has requested access to an object, but has not been granted those access rights. (0xc0000022)
[0627/181202.915:ERROR:exception_snapshot_win.cc(98)] thread ID 8824 not found in process
[0627/181202.917:ERROR:process_info.cc(329)] VirtualQueryEx: Access is denied. (0x5)
[0627/181202.917:ERROR:process_info.cc(556)] ReadMemoryInfo failed
[0627/181202.917:ERROR:scoped_process_suspend.cc(40)] NtResumeProcess: An attempt was made to access an exiting process. (0xc000010a)
[0627/181202.917:ERROR:process_reader_win.cc(123)] NtOpenThread: {Access Denied} A process has requested access to an object, but has not been granted those access rights. (0xc0000022)
[0627/181202.917:ERROR:exception_snapshot_win.cc(98)] thread ID 9712 not found in process
[0627/181202.925:ERROR:process_info.cc(329)] VirtualQueryEx: Access is denied. (0x5)
[0627/181202.925:ERROR:process_info.cc(556)] ReadMemoryInfo failed
[0627/181202.925:ERROR:process_memory_win.cc(39)] Failed to initialize ProcessInfo.
[0627/181202.925:ERROR:scoped_process_suspend.cc(40)] NtResumeProcess: An attempt was made to access an exiting process. (0xc000010a)
[0627/181202.932:ERROR:process_reader_win.cc(151)] SuspendThread: Access is denied. (0x5)
[0627/181202.933:ERROR:exception_snapshot_win.cc(98)] thread ID 8248 not found in process
[0627/181202.940:ERROR:process_info.cc(329)] VirtualQueryEx: Access is denied. (0x5)
[0627/181202.940:ERROR:process_info.cc(556)] ReadMemoryInfo failed
[0627/181202.940:ERROR:scoped_process_suspend.cc(40)] NtResumeProcess: An attempt was made to access an exiting process. (0xc000010a)
[0627/181423.552:ERROR:process_reader_win.cc(123)] NtOpenThread: {Access Denied} A process has requested access to an object, but has not been granted those access rights. (0xc0000022)
[0627/181423.552:ERROR:exception_snapshot_win.cc(98)] thread ID 9324 not found in process
[0627/181423.558:ERROR:process_reader_win.cc(123)] NtOpenThread: {Access Denied} A process has requested access to an object, but has not been granted those access rights. (0xc0000022)
[0627/181423.558:ERROR:exception_snapshot_win.cc(98)] thread ID 8640 not found in process
[0627/181423.569:ERROR:process_reader_win.cc(123)] NtOpenThread: {Access Denied} A process has requested access to an object, but has not been granted those access rights. (0xc0000022)
[0627/181423.569:ERROR:exception_snapshot_win.cc(98)] thread ID 9864 not found in process
[0627/181423.569:ERROR:process_reader_win.cc(123)] NtOpenThread: {Access Denied} A process has requested access to an object, but has not been granted those access rights. (0xc0000022)
[0627/181423.569:ERROR:exception_snapshot_win.cc(98)] thread ID 8700 not found in process
[0627/181423.580:ERROR:process_reader_win.cc(123)] NtOpenThread: {Access Denied} A process has requested access to an object, but has not been granted those access rights. (0xc0000022)
[0627/181423.580:ERROR:exception_snapshot_win.cc(98)] thread ID 3196 not found in process
[0627/181423.618:ERROR:process_reader_win.cc(123)] NtOpenThread: {Access Denied} A process has requested access to an object, but has not been granted those access rights. (0xc0000022)
[0627/181423.618:ERROR:exception_snapshot_win.cc(98)] thread ID 8168 not found in process
